[debug] [2025-02-19T21:42:30.760Z] ----------------------------------------------------------------------
[debug] [2025-02-19T21:42:30.763Z] Command:       /nix/store/ixbb20farqh1f4fqbmsn6b1ixn8mc8ij-nodejs-20.18.1/bin/node /nix/store/2id8zx3wi2gh8x4pd02cyri43q3i6ll2-firebase-tools-13.29.3/lib/node_modules/firebase-tools/lib/bin/firebase.js login --no-localhost
[debug] [2025-02-19T21:42:30.763Z] CLI Version:   13.29.3
[debug] [2025-02-19T21:42:30.763Z] Platform:      linux
[debug] [2025-02-19T21:42:30.764Z] Node Version:  v20.18.1
[debug] [2025-02-19T21:42:30.764Z] Time:          Wed Feb 19 2025 21:42:30 GMT+0000 (Coordinated Universal Time)
[debug] [2025-02-19T21:42:30.764Z] ----------------------------------------------------------------------
[debug] 
[debug] [2025-02-19T21:42:30.768Z] >>> [apiv2][query] GET https://firebase-public.firebaseio.com/cli.json [none]
[info] i  Firebase optionally collects CLI and Emulator Suite usage and error reporting information to help improve our products. Data is collected in accordance with Google's privacy policy (https://policies.google.com/privacy) and is not used to identify you.
 
[debug] [2025-02-19T21:42:31.245Z] <<< [apiv2][status] GET https://firebase-public.firebaseio.com/cli.json 200
[debug] [2025-02-19T21:42:31.246Z] <<< [apiv2][body] GET https://firebase-public.firebaseio.com/cli.json {"cloudBuildErrorAfter":1594252800000,"cloudBuildWarnAfter":1590019200000,"defaultNode10After":1594252800000,"minVersion":"3.0.5","node8DeploysDisabledAfter":1613390400000,"node8RuntimeDisabledAfter":1615809600000,"node8WarnAfter":1600128000000}
[info] i  To change your data collection preference at any time, run `firebase logout` and log in again. 
[debug] [2025-02-19T21:42:42.190Z] >>> [apiv2][query] POST https://auth.firebase.tools/attest [none]
[debug] [2025-02-19T21:42:42.190Z] >>> [apiv2][body] POST https://auth.firebase.tools/attest {"session_id":"134eb5e5-c908-45a4-bc43-a2c9e678c20c"}
[debug] [2025-02-19T21:42:42.592Z] <<< [apiv2][status] POST https://auth.firebase.tools/attest 200
[debug] [2025-02-19T21:42:42.593Z] <<< [apiv2][body] POST https://auth.firebase.tools/attest {"token":"see2wGkTCgQSjGMCDhzL3glOir65F--gHeVRkKhiAbA"}
[info] 
[info] To sign in to the Firebase CLI:
[info] 
[info] 1. Take note of your session ID:
[info] 
[info]    134EB
[info] 
[info] 2. Visit the URL below on any device and follow the instructions to get your code:
[info] 
[info]    https://auth.firebase.tools/login?code_challenge=JBlF5-oBrlYdYzrvBmkFTsA_rpHNH8ftc4rwSCsuRhQ&session=134eb5e5-c908-45a4-bc43-a2c9e678c20c&attest=see2wGkTCgQSjGMCDhzL3glOir65F--gHeVRkKhiAbA
[info] 
[info] 3. Paste or enter the authorization code below once you have it:
[info] 
